<?xml version="1.0" encoding="utf-8"?><testsuites><testsuite name="pytest" errors="0" failures="0" skipped="0" tests="5" time="0.414" timestamp="2023-04-26T00:11:57.899563" hostname="Omars-MacBook-Pro.local"><testcase classname="test_api_logins" name="test_get_all_logins" time="0.084" /><testcase classname="test_api_logins" name="test_get_login_by_id" time="0.010" /><testcase classname="test_api_logins" name="test_create_login" time="0.032" /><testcase classname="test_api_logins" name="test_update_login" time="0.029" /><testcase classname="test_api_logins" name="test_delete_login" time="0.022" /></testsuite></testsuites>