<?xml version="1.0" encoding="utf-8"?><testsuites><testsuite name="pytest" errors="0" failures="0" skipped="0" tests="46" time="1.910" timestamp="2023-04-28T02:22:32.558552" hostname="Omars-MacBook-Pro.local"><testcase classname="test_api_admins" name="test_authenticate_with_valid_credentials" time="0.161" /><testcase classname="test_api_admins" name="test_authenticate_with_invalid_username" time="0.026" /><testcase classname="test_api_admins" name="test_authenticate_with_invalid_password" time="0.022" /><testcase classname="test_api_admins" name="test_get_all_admins" time="0.028" /><testcase classname="test_api_admins" name="test_get_admin_by_id" time="0.014" /><testcase classname="test_api_admins" name="test_create_admin" time="0.056" /><testcase classname="test_api_admins" name="test_update_admin" time="0.037" /><testcase classname="test_api_admins" name="test_delete_admin" time="0.024" /><testcase classname="test_api_customers" name="test_get_all_customers" time="0.026" /><testcase classname="test_api_customers" name="test_get_customer_by_id" time="0.010" /><testcase classname="test_api_customers" name="test_create_customer" time="0.033" /><testcase classname="test_api_customers" name="test_update_customer" time="0.033" /><testcase classname="test_api_customers" name="test_delete_customer" time="0.021" /><testcase classname="test_api_drivers" name="test_get_all_drivers" time="0.021" /><testcase classname="test_api_drivers" name="test_get_driver_by_id" time="0.012" /><testcase classname="test_api_drivers" name="test_create_driver" time="0.038" /><testcase classname="test_api_drivers" name="test_update_driver" time="0.031" /><testcase classname="test_api_drivers" name="test_delete_driver" time="0.023" /><testcase classname="test_api_logins" name="test_authenticate_with_valid_credentials" time="0.022" /><testcase classname="test_api_logins" name="test_authenticate_with_invalid_username" time="0.022" /><testcase classname="test_api_logins" name="test_authenticate_with_invalid_password" time="0.020" /><testcase classname="test_api_logins" name="test_get_all_logins" time="0.019" /><testcase classname="test_api_logins" name="test_get_login_by_id" time="0.011" /><testcase classname="test_api_logins" name="test_create_login" time="0.033" /><testcase classname="test_api_logins" name="test_update_login" time="0.032" /><testcase classname="test_api_logins" name="test_delete_login" time="0.023" /><testcase classname="test_api_orders" name="test_get_all_orders" time="0.025" /><testcase classname="test_api_orders" name="test_get_order_by_id" time="0.010" /><testcase classname="test_api_orders" name="test_create_order" time="0.037" /><testcase classname="test_api_orders" name="test_update_order" time="0.039" /><testcase classname="test_api_orders" name="test_delete_order" time="0.021" /><testcase classname="test_api_products" name="test_get_all_products" time="0.023" /><testcase classname="test_api_products" name="test_get_product_by_id" time="0.013" /><testcase classname="test_api_products" name="test_create_product" time="0.067" /><testcase classname="test_api_products" name="test_update_product" time="0.034" /><testcase classname="test_api_products" name="test_delete_product" time="0.024" /><testcase classname="test_api_stores" name="test_get_all_stores" time="0.022" /><testcase classname="test_api_stores" name="test_get_store_by_id" time="0.017" /><testcase classname="test_api_stores" name="test_create_store" time="0.054" /><testcase classname="test_api_stores" name="test_update_store" time="0.032" /><testcase classname="test_api_stores" name="test_delete_store" time="0.024" /><testcase classname="test_api_transactions" name="test_get_all_transactions" time="0.030" /><testcase classname="test_api_transactions" name="test_get_transaction_by_id" time="0.010" /><testcase classname="test_api_transactions" name="test_create_transaction" time="0.039" /><testcase classname="test_api_transactions" name="test_update_transaction" time="0.031" /><testcase classname="test_api_transactions" name="test_delete_transaction" time="0.022" /></testsuite></testsuites>